# JRE version: Java(TM) SE Runtime Environment (8.0_211-b12) (build 1.8.0_211-b12)
# Java VM: Java HotSpot(TM) 64-Bit Server VM (25.211-b12 mixed mode linux-amd64 compressed oops)
Heap:
 PSYoungGen      total 442368K, used 59291K [0x00000000d6700000, 0x0000000100000000, 0x0000000100000000)
  eden space 288256K, 0% used [0x00000000d6700000,0x00000000d6700000,0x00000000e8080000)
  from space 154112K, 38% used [0x00000000e8080000,0x00000000eba66ef8,0x00000000f1700000)
  to   space 206848K, 0% used [0x00000000f3600000,0x00000000f3600000,0x0000000100000000)
 ParOldGen       total 537088K, used 536777K [0x0000000083400000, 0x00000000a4080000, 0x00000000d6700000)
  object space 537088K, 99% used [0x0000000083400000,0x00000000a4032560,0x00000000a4080000)
 Metaspace       used 32186K, capacity 33910K, committed 34176K, reserved 1079296K
  class space    used 4294K, capacity 4637K, committed 4736K, reserved 1048576K
GC Heap History (10 events):
Event: 10,942 GC heap after
Heap after GC invocations=13 (full 3):
 PSYoungGen      total 336896K, used 110587K [0x00000000d6700000, 0x00000000f5100000, 0x0000000100000000)
  eden space 226304K, 0% used [0x00000000d6700000,0x00000000d6700000,0x00000000e4400000)
  from space 110592K, 99% used [0x00000000ede00000,0x00000000f49fec08,0x00000000f4a00000)
  to   space 137728K, 0% used [0x00000000e4400000,0x00000000e4400000,0x00000000eca80000)
 ParOldGen       total 324608K, used 192559K [0x0000000083400000, 0x0000000097100000, 0x00000000d6700000)
  object space 324608K, 59% used [0x0000000083400000,0x000000008f00bdd8,0x0000000097100000)
 Metaspace       used 32186K, capacity 33910K, committed 34176K, reserved 1079296K
  class space    used 4294K, capacity 4637K, committed 4736K, reserved 1048576K
}
Event: 11,023 GC heap before
{Heap before GC invocations=14 (full 3):
 PSYoungGen      total 336896K, used 336891K [0x00000000d6700000, 0x00000000f5100000, 0x0000000100000000)
  eden space 226304K, 100% used [0x00000000d6700000,0x00000000e4400000,0x00000000e4400000)
  from space 110592K, 99% used [0x00000000ede00000,0x00000000f49fec08,0x00000000f4a00000)
  to   space 137728K, 0% used [0x00000000e4400000,0x00000000e4400000,0x00000000eca80000)
 ParOldGen       total 324608K, used 192559K [0x0000000083400000, 0x0000000097100000, 0x00000000d6700000)
  object space 324608K, 59% used [0x0000000083400000,0x000000008f00bdd8,0x0000000097100000)
 Metaspace       used 32186K, capacity 33910K, committed 34176K, reserved 1079296K
  class space    used 4294K, capacity 4637K, committed 4736K, reserved 1048576K
Event: 11,132 GC heap after
Heap after GC invocations=14 (full 3):
 PSYoungGen      total 364032K, used 102360K [0x00000000d6700000, 0x00000000fb380000, 0x0000000100000000)
  eden space 226304K, 0% used [0x00000000d6700000,0x00000000d6700000,0x00000000e4400000)
  from space 137728K, 74% used [0x00000000e4400000,0x00000000ea7f6200,0x00000000eca80000)
  to   space 148992K, 0% used [0x00000000f2200000,0x00000000f2200000,0x00000000fb380000)
 ParOldGen       total 324608K, used 292735K [0x0000000083400000, 0x0000000097100000, 0x00000000d6700000)
  object space 324608K, 90% used [0x0000000083400000,0x00000000951dfdd8,0x0000000097100000)
 Metaspace       used 32186K, capacity 33910K, committed 34176K, reserved 1079296K
  class space    used 4294K, capacity 4637K, committed 4736K, reserved 1048576K
}
Event: 11,132 GC heap before
{Heap before GC invocations=15 (full 4):
 PSYoungGen      total 364032K, used 102360K [0x00000000d6700000, 0x00000000fb380000, 0x0000000100000000)
  eden space 226304K, 0% used [0x00000000d6700000,0x00000000d6700000,0x00000000e4400000)
  from space 137728K, 74% used [0x00000000e4400000,0x00000000ea7f6200,0x00000000eca80000)
  to   space 148992K, 0% used [0x00000000f2200000,0x00000000f2200000,0x00000000fb380000)
 ParOldGen       total 324608K, used 292735K [0x0000000083400000, 0x0000000097100000, 0x00000000d6700000)
  object space 324608K, 90% used [0x0000000083400000,0x00000000951dfdd8,0x0000000097100000)
 Metaspace       used 32186K, capacity 33910K, committed 34176K, reserved 1079296K
  class space    used 4294K, capacity 4637K, committed 4736K, reserved 1048576K
Event: 12,075 GC heap after
Heap after GC invocations=15 (full 4):
 PSYoungGen      total 364032K, used 62814K [0x00000000d6700000, 0x00000000fb380000, 0x0000000100000000)
  eden space 226304K, 0% used [0x00000000d6700000,0x00000000d6700000,0x00000000e4400000)
  from space 137728K, 45% used [0x00000000e4400000,0x00000000e8157980,0x00000000eca80000)
  to   space 148992K, 0% used [0x00000000f2200000,0x00000000f2200000,0x00000000fb380000)
 ParOldGen       total 537088K, used 324528K [0x0000000083400000, 0x00000000a4080000, 0x00000000d6700000)
  object space 537088K, 60% used [0x0000000083400000,0x00000000970ec3f0,0x00000000a4080000)
 Metaspace       used 32186K, capacity 33910K, committed 34176K, reserved 1079296K
  class space    used 4294K, capacity 4637K, committed 4736K, reserved 1048576K
}
Event: 12,160 GC heap before
{Heap before GC invocations=16 (full 4):
 PSYoungGen      total 364032K, used 289118K [0x00000000d6700000, 0x00000000fb380000, 0x0000000100000000)
  eden space 226304K, 100% used [0x00000000d6700000,0x00000000e4400000,0x00000000e4400000)
  from space 137728K, 45% used [0x00000000e4400000,0x00000000e8157980,0x00000000eca80000)
  to   space 148992K, 0% used [0x00000000f2200000,0x00000000f2200000,0x00000000fb380000)
 ParOldGen       total 537088K, used 324528K [0x0000000083400000, 0x00000000a4080000, 0x00000000d6700000)
  object space 537088K, 60% used [0x0000000083400000,0x00000000970ec3f0,0x00000000a4080000)
 Metaspace       used 32186K, capacity 33910K, committed 34176K, reserved 1079296K
  class space    used 4294K, capacity 4637K, committed 4736K, reserved 1048576K
Event: 12,492 GC heap after
Heap after GC invocations=16 (full 4):
 PSYoungGen      total 431104K, used 92608K [0x00000000d6700000, 0x00000000fad80000, 0x0000000100000000)
  eden space 288256K, 0% used [0x00000000d6700000,0x00000000d6700000,0x00000000e8080000)
  from space 142848K, 64% used [0x00000000f2200000,0x00000000f7c70000,0x00000000fad80000)
  to   space 154112K, 0% used [0x00000000e8080000,0x00000000e8080000,0x00000000f1700000)
 ParOldGen       total 537088K, used 387616K [0x0000000083400000, 0x00000000a4080000, 0x00000000d6700000)
  object space 537088K, 72% used [0x0000000083400000,0x000000009ae883f0,0x00000000a4080000)
 Metaspace       used 32186K, capacity 33910K, committed 34176K, reserved 1079296K
  class space    used 4294K, capacity 4637K, committed 4736K, reserved 1048576K
}
Event: 12,601 GC heap before
{Heap before GC invocations=17 (full 4):
 PSYoungGen      total 431104K, used 380864K [0x00000000d6700000, 0x00000000fad80000, 0x0000000100000000)
  eden space 288256K, 100% used [0x00000000d6700000,0x00000000e8080000,0x00000000e8080000)
  from space 142848K, 64% used [0x00000000f2200000,0x00000000f7c70000,0x00000000fad80000)
  to   space 154112K, 0% used [0x00000000e8080000,0x00000000e8080000,0x00000000f1700000)
 ParOldGen       total 537088K, used 387616K [0x0000000083400000, 0x00000000a4080000, 0x00000000d6700000)
  object space 537088K, 72% used [0x0000000083400000,0x000000009ae883f0,0x00000000a4080000)
 Metaspace       used 32186K, capacity 33910K, committed 34176K, reserved 1079296K
  class space    used 4294K, capacity 4637K, committed 4736K, reserved 1048576K
Event: 12,750 GC heap after
Heap after GC invocations=17 (full 4):
 PSYoungGen      total 442368K, used 154084K [0x00000000d6700000, 0x0000000100000000, 0x0000000100000000)
  eden space 288256K, 0% used [0x00000000d6700000,0x00000000d6700000,0x00000000e8080000)
  from space 154112K, 99% used [0x00000000e8080000,0x00000000f16f92f0,0x00000000f1700000)
  to   space 206848K, 0% used [0x00000000f3600000,0x00000000f3600000,0x0000000100000000)
 ParOldGen       total 537088K, used 458712K [0x0000000083400000, 0x00000000a4080000, 0x00000000d6700000)
  object space 537088K, 85% used [0x0000000083400000,0x000000009f3f63f0,0x00000000a4080000)
 Metaspace       used 32186K, capacity 33910K, committed 34176K, reserved 1079296K
  class space    used 4294K, capacity 4637K, committed 4736K, reserved 1048576K
}
Event: 12,750 GC heap before
{Heap before GC invocations=18 (full 5):
 PSYoungGen      total 442368K, used 154084K [0x00000000d6700000, 0x0000000100000000, 0x0000000100000000)
  eden space 288256K, 0% used [0x00000000d6700000,0x00000000d6700000,0x00000000e8080000)
  from space 154112K, 99% used [0x00000000e8080000,0x00000000f16f92f0,0x00000000f1700000)
  to   space 206848K, 0% used [0x00000000f3600000,0x00000000f3600000,0x0000000100000000)
 ParOldGen       total 537088K, used 458712K [0x0000000083400000, 0x00000000a4080000, 0x00000000d6700000)
  object space 537088K, 85% used [0x0000000083400000,0x000000009f3f63f0,0x00000000a4080000)
 Metaspace       used 32186K, capacity 33910K, committed 34176K, reserved 1079296K
  class space    used 4294K, capacity 4637K, committed 4736K, reserved 1048576K

