# JRE version: Java(TM) SE Runtime Environment (8.0_211-b12) (build 1.8.0_211-b12)
# Java VM: Java HotSpot(TM) 64-Bit Server VM (25.211-b12 mixed mode linux-amd64 compressed oops)
Heap:
 PSYoungGen      total 434176K, used 0K [0x00000000d6700000, 0x00000000fa480000, 0x0000000100000000)
  eden space 302592K, 0% used [0x00000000d6700000,0x00000000d6700000,0x00000000e8e80000)
  from space 131584K, 0% used [0x00000000f2400000,0x00000000f2400000,0x00000000fa480000)
  to   space 142336K, 0% used [0x00000000e8e80000,0x00000000e8e80000,0x00000000f1980000)
 ParOldGen       total 544256K, used 539644K [0x0000000083400000, 0x00000000a4780000, 0x00000000d6700000)
  object space 544256K, 99% used [0x0000000083400000,0x00000000a42ff1e8,0x00000000a4780000)
 Metaspace       used 32149K, capacity 33852K, committed 34176K, reserved 1079296K
  class space    used 4300K, capacity 4638K, committed 4736K, reserved 1048576K
GC Heap History (10 events):
Event: 27,675 GC heap after
Heap after GC invocations=15 (full 4):
 PSYoungGen      total 283648K, used 39882K [0x00000000d6700000, 0x00000000f3100000, 0x0000000100000000)
  eden space 205824K, 0% used [0x00000000d6700000,0x00000000d6700000,0x00000000e3000000)
  from space 77824K, 51% used [0x00000000e3000000,0x00000000e56f2b90,0x00000000e7c00000)
  to   space 113152K, 0% used [0x00000000ec280000,0x00000000ec280000,0x00000000f3100000)
 ParOldGen       total 368128K, used 235380K [0x0000000083400000, 0x0000000099b80000, 0x00000000d6700000)
  object space 368128K, 63% used [0x0000000083400000,0x00000000919dd100,0x0000000099b80000)
 Metaspace       used 32149K, capacity 33852K, committed 34176K, reserved 1079296K
  class space    used 4300K, capacity 4638K, committed 4736K, reserved 1048576K
}
Event: 27,754 GC heap before
{Heap before GC invocations=16 (full 4):
 PSYoungGen      total 283648K, used 245706K [0x00000000d6700000, 0x00000000f3100000, 0x0000000100000000)
  eden space 205824K, 100% used [0x00000000d6700000,0x00000000e3000000,0x00000000e3000000)
  from space 77824K, 51% used [0x00000000e3000000,0x00000000e56f2b90,0x00000000e7c00000)
  to   space 113152K, 0% used [0x00000000ec280000,0x00000000ec280000,0x00000000f3100000)
 ParOldGen       total 368128K, used 235380K [0x0000000083400000, 0x0000000099b80000, 0x00000000d6700000)
  object space 368128K, 63% used [0x0000000083400000,0x00000000919dd100,0x0000000099b80000)
 Metaspace       used 32149K, capacity 33852K, committed 34176K, reserved 1079296K
  class space    used 4300K, capacity 4638K, committed 4736K, reserved 1048576K
Event: 27,981 GC heap after
Heap after GC invocations=16 (full 4):
 PSYoungGen      total 346624K, used 84192K [0x00000000d6700000, 0x00000000f6000000, 0x0000000100000000)
  eden space 233472K, 0% used [0x00000000d6700000,0x00000000d6700000,0x00000000e4b00000)
  from space 113152K, 74% used [0x00000000ec280000,0x00000000f14b8000,0x00000000f3100000)
  to   space 122368K, 0% used [0x00000000e4b00000,0x00000000e4b00000,0x00000000ec280000)
 ParOldGen       total 368128K, used 275444K [0x0000000083400000, 0x0000000099b80000, 0x00000000d6700000)
  object space 368128K, 74% used [0x0000000083400000,0x00000000940fd100,0x0000000099b80000)
 Metaspace       used 32149K, capacity 33852K, committed 34176K, reserved 1079296K
  class space    used 4300K, capacity 4638K, committed 4736K, reserved 1048576K
}
Event: 28,073 GC heap before
{Heap before GC invocations=17 (full 4):
 PSYoungGen      total 346624K, used 317664K [0x00000000d6700000, 0x00000000f6000000, 0x0000000100000000)
  eden space 233472K, 100% used [0x00000000d6700000,0x00000000e4b00000,0x00000000e4b00000)
  from space 113152K, 74% used [0x00000000ec280000,0x00000000f14b8000,0x00000000f3100000)
  to   space 122368K, 0% used [0x00000000e4b00000,0x00000000e4b00000,0x00000000ec280000)
 ParOldGen       total 368128K, used 275444K [0x0000000083400000, 0x0000000099b80000, 0x00000000d6700000)
  object space 368128K, 74% used [0x0000000083400000,0x00000000940fd100,0x0000000099b80000)
 Metaspace       used 32149K, capacity 33852K, committed 34176K, reserved 1079296K
  class space    used 4300K, capacity 4638K, committed 4736K, reserved 1048576K
Event: 28,286 GC heap after
Heap after GC invocations=17 (full 4):
 PSYoungGen      total 355840K, used 105336K [0x00000000d6700000, 0x00000000faa80000, 0x0000000100000000)
  eden space 233472K, 0% used [0x00000000d6700000,0x00000000d6700000,0x00000000e4b00000)
  from space 122368K, 86% used [0x00000000e4b00000,0x00000000eb1de200,0x00000000ec280000)
  to   space 137728K, 0% used [0x00000000f2400000,0x00000000f2400000,0x00000000faa80000)
 ParOldGen       total 368128K, used 359828K [0x0000000083400000, 0x0000000099b80000, 0x00000000d6700000)
  object space 368128K, 97% used [0x0000000083400000,0x0000000099365100,0x0000000099b80000)
 Metaspace       used 32149K, capacity 33852K, committed 34176K, reserved 1079296K
  class space    used 4300K, capacity 4638K, committed 4736K, reserved 1048576K
}
Event: 28,289 GC heap before
{Heap before GC invocations=18 (full 5):
 PSYoungGen      total 355840K, used 105336K [0x00000000d6700000, 0x00000000faa80000, 0x0000000100000000)
  eden space 233472K, 0% used [0x00000000d6700000,0x00000000d6700000,0x00000000e4b00000)
  from space 122368K, 86% used [0x00000000e4b00000,0x00000000eb1de200,0x00000000ec280000)
  to   space 137728K, 0% used [0x00000000f2400000,0x00000000f2400000,0x00000000faa80000)
 ParOldGen       total 368128K, used 359828K [0x0000000083400000, 0x0000000099b80000, 0x00000000d6700000)
  object space 368128K, 97% used [0x0000000083400000,0x0000000099365100,0x0000000099b80000)
 Metaspace       used 32149K, capacity 33852K, committed 34176K, reserved 1079296K
  class space    used 4300K, capacity 4638K, committed 4736K, reserved 1048576K
Event: 29,469 GC heap after
Heap after GC invocations=18 (full 5):
 PSYoungGen      total 355840K, used 85696K [0x00000000d6700000, 0x00000000faa80000, 0x0000000100000000)
  eden space 233472K, 0% used [0x00000000d6700000,0x00000000d6700000,0x00000000e4b00000)
  from space 122368K, 70% used [0x00000000e4b00000,0x00000000e9eb01f8,0x00000000ec280000)
  to   space 137728K, 0% used [0x00000000f2400000,0x00000000f2400000,0x00000000faa80000)
 ParOldGen       total 544256K, used 368091K [0x0000000083400000, 0x00000000a4780000, 0x00000000d6700000)
  object space 544256K, 67% used [0x0000000083400000,0x0000000099b76cf0,0x00000000a4780000)
 Metaspace       used 32149K, capacity 33852K, committed 34176K, reserved 1079296K
  class space    used 4300K, capacity 4638K, committed 4736K, reserved 1048576K
}
Event: 29,554 GC heap before
{Heap before GC invocations=19 (full 5):
 PSYoungGen      total 355840K, used 296695K [0x00000000d6700000, 0x00000000faa80000, 0x0000000100000000)
  eden space 233472K, 90% used [0x00000000d6700000,0x00000000e350daa8,0x00000000e4b00000)
  from space 122368K, 70% used [0x00000000e4b00000,0x00000000e9eb01f8,0x00000000ec280000)
  to   space 137728K, 0% used [0x00000000f2400000,0x00000000f2400000,0x00000000faa80000)
 ParOldGen       total 544256K, used 368091K [0x0000000083400000, 0x00000000a4780000, 0x00000000d6700000)
  object space 544256K, 67% used [0x0000000083400000,0x0000000099b76cf0,0x00000000a4780000)
 Metaspace       used 32149K, capacity 33852K, committed 34176K, reserved 1079296K
  class space    used 4300K, capacity 4638K, committed 4736K, reserved 1048576K
Event: 29,884 GC heap after
Heap after GC invocations=19 (full 5):
 PSYoungGen      total 434176K, used 85984K [0x00000000d6700000, 0x00000000fa480000, 0x0000000100000000)
  eden space 302592K, 0% used [0x00000000d6700000,0x00000000d6700000,0x00000000e8e80000)
  from space 131584K, 65% used [0x00000000f2400000,0x00000000f77f8000,0x00000000fa480000)
  to   space 142336K, 0% used [0x00000000e8e80000,0x00000000e8e80000,0x00000000f1980000)
 ParOldGen       total 544256K, used 454155K [0x0000000083400000, 0x00000000a4780000, 0x00000000d6700000)
  object space 544256K, 83% used [0x0000000083400000,0x000000009ef82cf0,0x00000000a4780000)
 Metaspace       used 32149K, capacity 33852K, committed 34176K, reserved 1079296K
  class space    used 4300K, capacity 4638K, committed 4736K, reserved 1048576K
}
Event: 29,884 GC heap before
{Heap before GC invocations=20 (full 6):
 PSYoungGen      total 434176K, used 85984K [0x00000000d6700000, 0x00000000fa480000, 0x0000000100000000)
  eden space 302592K, 0% used [0x00000000d6700000,0x00000000d6700000,0x00000000e8e80000)
  from space 131584K, 65% used [0x00000000f2400000,0x00000000f77f8000,0x00000000fa480000)
  to   space 142336K, 0% used [0x00000000e8e80000,0x00000000e8e80000,0x00000000f1980000)
 ParOldGen       total 544256K, used 454155K [0x0000000083400000, 0x00000000a4780000, 0x00000000d6700000)
  object space 544256K, 83% used [0x0000000083400000,0x000000009ef82cf0,0x00000000a4780000)
 Metaspace       used 32149K, capacity 33852K, committed 34176K, reserved 1079296K
  class space    used 4300K, capacity 4638K, committed 4736K, reserved 1048576K

